0 info it worked if it ends with ok
1 verbose cli [ '/usr/local/bin/node',
1 verbose cli   '/usr/local/bin/npm',
1 verbose cli   'run',
1 verbose cli   'buildWebClient' ]
2 info using npm@4.1.2
3 info using node@v7.7.2
4 verbose run-script [ 'prebuildWebClient', 'buildWebClient', 'postbuildWebClient' ]
5 info lifecycle t-secure-express@0.0.8~prebuildWebClient: t-secure-express@0.0.8
6 silly lifecycle t-secure-express@0.0.8~prebuildWebClient: no script for prebuildWebClient, continuing
7 info lifecycle t-secure-express@0.0.8~buildWebClient: t-secure-express@0.0.8
8 verbose lifecycle t-secure-express@0.0.8~buildWebClient: unsafe-perm in lifecycle true
9 verbose lifecycle t-secure-express@0.0.8~buildWebClient: PATH: /usr/local/lib/node_modules/npm/bin/node-gyp-bin:/root/github/tSecureExpress/node_modules/.bin:/usr/local/sbin:/usr/local/bin:/usr/sbin:/usr/bin:/sbin:/bin:/snap/bin
10 verbose lifecycle t-secure-express@0.0.8~buildWebClient: CWD: /root/github/tSecureExpress
11 silly lifecycle t-secure-express@0.0.8~buildWebClient: Args: [ '-c',
11 silly lifecycle   'webpack --entry=./client/httpClient.ts  --mode=production -o ./client/webClient.js --output-library=secureClient  --module-bind ts=ts-loader' ]
12 silly lifecycle t-secure-express@0.0.8~buildWebClient: Returned: code: 134  signal: null
13 info lifecycle t-secure-express@0.0.8~buildWebClient: Failed to exec buildWebClient script
14 verbose stack Error: t-secure-express@0.0.8 buildWebClient: `webpack --entry=./client/httpClient.ts  --mode=production -o ./client/webClient.js --output-library=secureClient  --module-bind ts=ts-loader`
14 verbose stack Exit status 134
14 verbose stack     at EventEmitter.<anonymous> (/usr/local/lib/node_modules/npm/lib/utils/lifecycle.js:279:16)
14 verbose stack     at emitTwo (events.js:106:13)
14 verbose stack     at EventEmitter.emit (events.js:194:7)
14 verbose stack     at ChildProcess.<anonymous> (/usr/local/lib/node_modules/npm/lib/utils/spawn.js:40:14)
14 verbose stack     at emitTwo (events.js:106:13)
14 verbose stack     at ChildProcess.emit (events.js:194:7)
14 verbose stack     at maybeClose (internal/child_process.js:899:16)
14 verbose stack     at Process.ChildProcess._handle.onexit (internal/child_process.js:226:5)
15 verbose pkgid t-secure-express@0.0.8
16 verbose cwd /root/github/tSecureExpress
17 error Linux 2.6.32-042stab127.2
18 error argv "/usr/local/bin/node" "/usr/local/bin/npm" "run" "buildWebClient"
19 error node v7.7.2
20 error npm  v4.1.2
21 error code ELIFECYCLE
22 error t-secure-express@0.0.8 buildWebClient: `webpack --entry=./client/httpClient.ts  --mode=production -o ./client/webClient.js --output-library=secureClient  --module-bind ts=ts-loader`
22 error Exit status 134
23 error Failed at the t-secure-express@0.0.8 buildWebClient script 'webpack --entry=./client/httpClient.ts  --mode=production -o ./client/webClient.js --output-library=secureClient  --module-bind ts=ts-loader'.
23 error Make sure you have the latest version of node.js and npm installed.
23 error If you do, this is most likely a problem with the t-secure-express package,
23 error not with npm itself.
23 error Tell the author that this fails on your system:
23 error     webpack --entry=./client/httpClient.ts  --mode=production -o ./client/webClient.js --output-library=secureClient  --module-bind ts=ts-loader
23 error You can get information on how to open an issue for this project with:
23 error     npm bugs t-secure-express
23 error Or if that isn't available, you can get their info via:
23 error     npm owner ls t-secure-express
23 error There is likely additional logging output above.
24 verbose exit [ 1, true ]
